[0m10:12:28.928616 [debug] [MainThread]: Sending event: {'category': 'dbt', 'action': 'invocation', 'label': 'start', 'context': [<snowplow_tracker.self_describing_json.SelfDescribingJson object at 0x10e4e1ad0>, <snowplow_tracker.self_describing_json.SelfDescribingJson object at 0x1109ac250>, <snowplow_tracker.self_describing_json.SelfDescribingJson object at 0x110958c50>]}


============================== 10:12:28.935559 | 95b3b0cb-7817-46b6-8fee-e2528bf6c704 ==============================
[0m10:12:28.935559 [info ] [MainThread]: Running with dbt=1.8.3
[0m10:12:28.936388 [debug] [MainThread]: running dbt with arguments {'printer_width': '80', 'indirect_selection': 'eager', 'log_cache_events': 'False', 'write_json': 'True', 'partial_parse': 'True', 'cache_selected_only': 'False', 'profiles_dir': '/Users/dipasmitadebroy/.dbt', 'fail_fast': 'False', 'debug': 'False', 'log_path': 'logs', 'warn_error': 'None', 'version_check': 'True', 'use_colors': 'True', 'use_experimental_parser': 'False', 'empty': 'None', 'quiet': 'False', 'no_print': 'None', 'log_format': 'default', 'invocation_command': 'dbt init dbt', 'static_parser': 'True', 'warn_error_options': 'WarnErrorOptions(include=[], exclude=[])', 'target_path': 'None', 'introspect': 'True', 'send_anonymous_usage_stats': 'True'}
[0m10:12:28.962936 [warn ] [MainThread]: [ConfigFolderDirectory]: Unable to parse logging event dictionary. Failed to parse dir field: expected string or bytes-like object, got 'PosixPath'.. Dictionary: {'dir': PosixPath('/Users/dipasmitadebroy/.dbt')}
[0m10:12:28.963583 [info ] [MainThread]: Creating dbt configuration folder at 
[0m10:13:02.891275 [debug] [MainThread]: Starter project path: /Users/dipasmitadebroy/Documents/Artificial_Intelligence/ml_projects/ad-spend-mmm/venv/lib/python3.11/site-packages/dbt/include/starter_project
[0m10:13:02.905591 [info ] [MainThread]: 
Your new dbt project "mmm2024" was created!

For more information on how to configure the profiles.yml file,
please consult the dbt documentation here:

  https://docs.getdbt.com/docs/configure-your-profile

One more thing:

Need help? Don't hesitate to reach out to us via GitHub issues or on Slack:

  https://community.getdbt.com/

Happy modeling!

[0m10:13:02.906499 [info ] [MainThread]: Setting up your profile.
[0m10:14:11.322026 [info ] [MainThread]: Profile mmm2024 written to /Users/dipasmitadebroy/.dbt/profiles.yml using target's profile_template.yml and your supplied values. Run 'dbt debug' to validate the connection.
[0m10:14:11.326864 [debug] [MainThread]: Resource report: {"command_name": "init", "command_success": true, "command_wall_clock_time": 102.4815, "process_user_time": 3.022181, "process_kernel_time": 0.293615, "process_mem_max_rss": "120954880", "process_in_blocks": "0", "process_out_blocks": "0"}
[0m10:14:11.327623 [debug] [MainThread]: Command `dbt init` succeeded at 10:14:11.327474 after 102.48 seconds
[0m10:14:11.328319 [debug] [MainThread]: Sending event: {'category': 'dbt', 'action': 'invocation', 'label': 'end', 'context': [<snowplow_tracker.self_describing_json.SelfDescribingJson object at 0x1109c05d0>, <snowplow_tracker.self_describing_json.SelfDescribingJson object at 0x1109813d0>, <snowplow_tracker.self_describing_json.SelfDescribingJson object at 0x10f88f550>]}
[0m10:14:11.328955 [debug] [MainThread]: Flushing usage events
[0m10:19:29.262685 [debug] [MainThread]: Sending event: {'category': 'dbt', 'action': 'invocation', 'label': 'start', 'context': [<snowplow_tracker.self_describing_json.SelfDescribingJson object at 0x109410b50>, <snowplow_tracker.self_describing_json.SelfDescribingJson object at 0x1094a8650>, <snowplow_tracker.self_describing_json.SelfDescribingJson object at 0x1094a8d90>]}


============================== 10:19:29.269487 | 500f643a-9297-4393-af24-b3fd5878857c ==============================
[0m10:19:29.269487 [info ] [MainThread]: Running with dbt=1.8.3
[0m10:19:29.270549 [debug] [MainThread]: running dbt with arguments {'printer_width': '80', 'indirect_selection': 'eager', 'log_cache_events': 'False', 'write_json': 'True', 'partial_parse': 'True', 'cache_selected_only': 'False', 'profiles_dir': '/Users/dipasmitadebroy/.dbt', 'fail_fast': 'False', 'debug': 'False', 'log_path': 'logs', 'version_check': 'True', 'warn_error': 'None', 'use_colors': 'True', 'use_experimental_parser': 'False', 'empty': 'None', 'quiet': 'False', 'no_print': 'None', 'log_format': 'default', 'static_parser': 'True', 'invocation_command': 'dbt debug', 'warn_error_options': 'WarnErrorOptions(include=[], exclude=[])', 'target_path': 'None', 'introspect': 'True', 'send_anonymous_usage_stats': 'True'}
[0m10:19:29.294962 [info ] [MainThread]: dbt version: 1.8.3
[0m10:19:29.295578 [info ] [MainThread]: python version: 3.11.15
[0m10:19:29.296085 [info ] [MainThread]: python path: /Users/dipasmitadebroy/Documents/Artificial_Intelligence/ml_projects/ad-spend-mmm/venv/bin/python3.11
[0m10:19:29.296557 [info ] [MainThread]: os info: macOS-15.7.3-x86_64-i386-64bit
[0m10:19:29.376630 [info ] [MainThread]: Using profiles dir at /Users/dipasmitadebroy/.dbt
[0m10:19:29.377310 [info ] [MainThread]: Using profiles.yml file at /Users/dipasmitadebroy/.dbt/profiles.yml
[0m10:19:29.377773 [info ] [MainThread]: Using dbt_project.yml file at /Users/dipasmitadebroy/Documents/Artificial_Intelligence/ml_projects/ad-spend-mmm/extractors/dbt_project.yml
[0m10:19:29.378740 [info ] [MainThread]: adapter type: postgres
[0m10:19:29.379209 [info ] [MainThread]: adapter version: 1.8.2
[0m10:19:29.379663 [info ] [MainThread]: Configuration:
[0m10:19:29.380104 [info ] [MainThread]:   profiles.yml file [[32mOK found and valid[0m]
[0m10:19:29.380527 [info ] [MainThread]:   dbt_project.yml file [[31mERROR not found[0m]
[0m10:19:29.380942 [info ] [MainThread]: Required dependencies:
[0m10:19:29.381458 [debug] [MainThread]: Executing "git --help"
[0m10:19:29.416828 [debug] [MainThread]: STDOUT: "b"usage: git [-v | --version] [-h | --help] [-C <path>] [-c <name>=<value>]\n           [--exec-path[=<path>]] [--html-path] [--man-path] [--info-path]\n           [-p | --paginate | -P | --no-pager] [--no-replace-objects] [--no-lazy-fetch]\n           [--no-optional-locks] [--no-advice] [--bare] [--git-dir=<path>]\n           [--work-tree=<path>] [--namespace=<name>] [--config-env=<name>=<envvar>]\n           <command> [<args>]\n\nThese are common Git commands used in various situations:\n\nstart a working area (see also: git help tutorial)\n   clone      Clone a repository into a new directory\n   init       Create an empty Git repository or reinitialize an existing one\n\nwork on the current change (see also: git help everyday)\n   add        Add file contents to the index\n   mv         Move or rename a file, a directory, or a symlink\n   restore    Restore working tree files\n   rm         Remove files from the working tree and from the index\n\nexamine the history and state (see also: git help revisions)\n   bisect     Use binary search to find the commit that introduced a bug\n   diff       Show changes between commits, commit and working tree, etc\n   grep       Print lines matching a pattern\n   log        Show commit logs\n   show       Show various types of objects\n   status     Show the working tree status\n\ngrow, mark and tweak your common history\n   backfill   Download missing objects in a partial clone\n   branch     List, create, or delete branches\n   commit     Record changes to the repository\n   merge      Join two or more development histories together\n   rebase     Reapply commits on top of another base tip\n   reset      Reset current HEAD to the specified state\n   switch     Switch branches\n   tag        Create, list, delete or verify a tag object signed with GPG\n\ncollaborate (see also: git help workflows)\n   fetch      Download objects and refs from another repository\n   pull       Fetch from and integrate with another repository or a local branch\n   push       Update remote refs along with associated objects\n\n'git help -a' and 'git help -g' list available subcommands and some\nconcept guides. See 'git help <command>' or 'git help <concept>'\nto read about a specific subcommand or concept.\nSee 'git help git' for an overview of the system.\n""
[0m10:19:29.418299 [debug] [MainThread]: STDERR: "b''"
[0m10:19:29.418863 [info ] [MainThread]:  - git [[32mOK found[0m]

[0m10:19:29.419394 [info ] [MainThread]: Connection:
[0m10:19:29.419947 [info ] [MainThread]:   host: localhost
[0m10:19:29.420420 [info ] [MainThread]:   port: 5432
[0m10:19:29.420868 [info ] [MainThread]:   user: postgres
[0m10:19:29.421412 [info ] [MainThread]:   database: mmm_db
[0m10:19:29.421881 [info ] [MainThread]:   schema: staging
[0m10:19:29.422314 [info ] [MainThread]:   connect_timeout: 10
[0m10:19:29.422746 [info ] [MainThread]:   role: None
[0m10:19:29.423183 [info ] [MainThread]:   search_path: None
[0m10:19:29.423607 [info ] [MainThread]:   keepalives_idle: 0
[0m10:19:29.424033 [info ] [MainThread]:   sslmode: None
[0m10:19:29.424461 [info ] [MainThread]:   sslcert: None
[0m10:19:29.424882 [info ] [MainThread]:   sslkey: None
[0m10:19:29.425301 [info ] [MainThread]:   sslrootcert: None
[0m10:19:29.425724 [info ] [MainThread]:   application_name: dbt
[0m10:19:29.426267 [info ] [MainThread]:   retries: 1
[0m10:19:29.427112 [info ] [MainThread]: Registered adapter: postgres=1.8.2
[0m10:19:29.592538 [debug] [MainThread]: Acquiring new postgres connection 'debug'
[0m10:19:29.718947 [debug] [MainThread]: Using postgres connection "debug"
[0m10:19:29.719519 [debug] [MainThread]: On debug: select 1 as id
[0m10:19:29.719988 [debug] [MainThread]: Opening a new connection, currently in state init
[0m10:19:29.768425 [debug] [MainThread]: SQL status: SELECT 1 in 0.048 seconds
[0m10:19:29.769868 [debug] [MainThread]: On debug: Close
[0m10:19:29.770499 [info ] [MainThread]:   Connection test: [[32mOK connection ok[0m]

[0m10:19:29.771280 [info ] [MainThread]: [31m1 check failed:[0m
[0m10:19:29.771808 [info ] [MainThread]: Project loading failed for the following reason:
 project path </Users/dipasmitadebroy/Documents/Artificial_Intelligence/ml_projects/ad-spend-mmm/extractors/dbt_project.yml> not found

[0m10:19:29.775654 [debug] [MainThread]: Resource report: {"command_name": "debug", "command_wall_clock_time": 0.6002841, "process_user_time": 3.395941, "process_kernel_time": 0.546749, "process_mem_max_rss": "130748416", "command_success": false, "process_in_blocks": "0", "process_out_blocks": "0"}
[0m10:19:29.776511 [debug] [MainThread]: Command `dbt debug` failed at 10:19:29.776357 after 0.60 seconds
[0m10:19:29.777076 [debug] [MainThread]: Connection 'debug' was properly closed.
[0m10:19:29.777665 [debug] [MainThread]: Sending event: {'category': 'dbt', 'action': 'invocation', 'label': 'end', 'context': [<snowplow_tracker.self_describing_json.SelfDescribingJson object at 0x1091fae10>, <snowplow_tracker.self_describing_json.SelfDescribingJson object at 0x10916f750>, <snowplow_tracker.self_describing_json.SelfDescribingJson object at 0x103e68e50>]}
[0m10:19:29.778444 [debug] [MainThread]: Flushing usage events
